813780398836682752
805678313465323520
798284795411365888
799092928329105408
807965667953692674
814560196165042176
813419845417074688
812390841218191360
811147256556650496
809529085571584000
808654495240622084
807450445824278528
807446244352290816
807362061953093632
806603330810019840
805840439983173635
805667083929395200
805323071267610624
800747169602891776
800125684710592512
794803874800529408
793540342498861056
792568657595469824
791646347543797760
789525506374963200
789164092908904448
788078882729537536
785524959653265409
785007539830267904
784639167502376960
784026915099279360
784026702158659588
784026554250645505
783687985732657152
782948918564823040
782786205293305860
782714647577104385
782298940666294272
782062809085607936
781986408265383936
781289341653921792
781218960775806976
780972548821483521
780603318536142848
780240582568476672
779458458412208128
778855798277480448
778818179690704896
778706516937351170
777701916193202176
776950655948697600
776882357517312000
775905812258652160
775846010350346241
775812348401430528
775322664684617728
775189713280008192
774195033096478720
773981546529234944
773902507089145856
773707613175291904
773623215310659584
773583173548662784
772669703269396480
772604301650821120
771440076328927234
771376570653106177
771337261413564416
771148702815752193
770396160720797697
768479050578948096
766740037757235200
765731923125678080
765343296633856000
764911169572184064
764452083479244800
763553243473539072
763049891903836160
762329923914698753
762329058533380097
761818099641225217
761234408884019200
760932986288238593
760526664614998016
758345443327680512
758070902735208448
757468893380276224
756235816666558471
756198236893745152
754037932546220033
751540646767370240
750561973134327808
746545278249992192
746303098499522560
743780968109006853
743039784164024320
742364217878020097
742039251727048705
741675824269660160
741675092124536833
741674565512859649
741331113965195265
741083544546476033
740223193441570816
740027516342001665
739565558140678144
737918751983697920
736151483360628737
735482503876739072
735298053469577216
733497062352818178
733097957449474048
732543336301494272
731058051898281988
730966467093487616
730545007174680576
729559019484909568
729430059702964226
728245437996634113
727509946754019328
726944474685808640
726877290924244993
725851516406390784
725790242888912897
725751978106720256
725730185861980164
724719282211311616
724665420347805699
723963911062609920
723359144170811393
722622113899749377
720025241293033474
719651394475536384
718839959793373185
718078010184884224
717735880014704640
717676911309275136
715561049462874113
715542070933458944
713432152701079552
713401188188864512
713388575199535106
713221180442849280
712242421757775874
712082182714630145
711976798221942785
711792230856404993
711627035924418560
710123463835566080
709450504812830720
708411183846416384
708400865715953664
708292071916904448
707812311482933248
707292148907937792
707037553187295234
706886686899306496
706106782007980032
705238280535568384
704761718531072000
703064886511730688
702703861392343041
701801501870559233
701780225315749889
701696883371044864
701559854473879557
701404542706040832
700818417780023299
700176017151782912
700076678471614464
698544213680529408
697816540897550336
697322745328246784
696904311058604032
696900758952738816
696607014286397440
696606409539108864
696455872818606080
696451261038751745
696073301152628736
695717828155072512
694882262584692736
694612930088738816
694534287262089216
694306355230957568
693778847670652932
693487706001817601
692898011106512897
692521993128841218
692448730847539201
692087576795058177
691450344186875904
691054389541244929
689903973726314496
689242121019109378
687977175367168002
687516833554010112
687040622646145026
686658808760893440
685662614819581953
685518158539702274
684519478441410561
682979068812251137
682729802403549184
682516051263918081
682053992084471809
681220995768803328
680867318709268481
680008232203620353
678076252637515776
677155457560014850
675453821636710400
674441236653191168
673440519859642370
671832989588955136
671088288141283329
671081514361298944
671074001914056706
671002042308120576
670699777743568898
669644426315218944
669217782081306624
668513890045677569
668142810407784449
667838809959108608
667692965465366528
667680660996272129
667495189041119232
667208192024141824
667196992108433408
666835105223192577
665649289591410688
665307120133275649
664644920662056960
662811501720416256
661356074382008320
660458077293027328
659680388617478144
659320834952183808
659189808682680320
659189326299963392
659096900763787268
658760468044107780
658755057496670209
658697159336923137
657909244079968257
657676811581726720
657333865040637952
656992157090254848
656653453851103232
656613985240809472
656224986483544064
656125580556025857
655560473610326016
654695978042167296
654618981794496513
654182311508975616
654092093175001088
653662915745071104
652614396192161793
652339022509928448
651977143233155072
651948889755377664
651731623944306688
651014259833479168
650417545661542400
649181008508665856
648487560222666753
648387744507392001
647982954543718400
647537991070707712
647340258204356608
647305456935825408
647115091029037056
646857274376347648
646654076600614912
646502761450897408
646456095783829505
646399379310551040
646145228739473409
646141262970535936
646057058069053441
645735081466793984
645681000991715328
645628166342619136
645431659215454208
645366030068531200
645083542804819968
644723708934811648
644414007877615616
644323201439371264
644181336090091521
643610661537357824
643509006976352257
643171381589508096
642716692020338688
642596517069627392
641692480677769216
641688030114414592
641673443092643845
641309935209455616
641297983867363328
640976023534833665
639983038340820992
639927072916422658
639854630478966784
639432075330887680
637266075856429057
637263461337202688
636732835638964224
636630342867152896
635847240938946560
635739788025401344
635282284480983040
634753096263012352
634402896768036864
634388830200692736
633755749437472769
633502496091058177
632751601615245313
632249270746411008
632109614318940160
631940524006600704
631873022631145472
631552704859521024
631100200430518272
630880860611461120
630807502741880832
630544815931789312
630540642964344832
629988343460298752
629192070071058432
629113366473216000
628677367674851329
626948189841694720
626100775010242560
626032994181099520
625415713742848000
624273071067803649
623955087442841602
623524048258134016
623352703096193024
623351855305768960
623110415577432064
622890162876366848
622807573679505408
622469035662311424
622264311390597120
622094732781613056
621880070030950400
621173149632086018
620977712820301824
620678301737160705
620441961187532800
620433550026887168
620353574720131072
619710755580051456
618966023505608704
617426153427615745
617222448430215168
616027297347411968
615891177318019074
615735514784768000
615286711577366528
614301785918803968
614166025039421441
613636212318961664
612724170795958272
611636246062985216
611223633831325696
610629544546951168
610547334645194753
609778417353883648
609197596129693696
608365524788092928
608213727305859072
607990735468687361
607987865428094976
607943274339418113
607689360104751104
606920159714893824
606504163451772928
606312070490025984
605973168067518465
605899574893379584
605403434708291585
605100816324796416
603837039197495296
603513117423890434
603283239701061632
602324838338973696
602162487228674048
602131951340892161
601414344593768450
600036204986408961
599227206800388096
598974750514380802
598676908935634944
598591228326780928
598231426589446144
597636247876739073
596884910075453440
596680022234112000
595674182467362819
595101528383463426
595064484735131648
595040862263967744
594557040292409345
594230012267593728
594090884318257152
593932473664430080
593799574386450433
593454039406354432
593361182037286912
592867761677795329
592823039584247808
592815345955643392
592810827889176582
592526522407227393
591989983356956674
591446155185278976
591287757072306176
591285895417888769
591074673393209346
591030667720425472
590945335599620097
590857109559992320
590416958941753345
590242797195767808
590238386692096001
590237453010665472
590182614075604992
590006128915959808
588896736485212161
588812973465939968
588448116732485632
588435318082244609
588402829141929984
588160551794147328
588060883479306240
587369066349756417
586541025944010752
586217931966558210
586155018492911617
586040760589365248
586008003024850945
586006370023055361
585971957079891968
585878900640784384
585867439763804161
585025996333645824
584198185612115968
584126328263155713
584104313540059136
584104129758425089
583817682048417792
583493639675883521
583011695171387392
582795205667086336
582664462735265792
582381431801946112
582224766771195905
581292454793637888
581233527880085504
580847433543868416
580749428782448641
580728301200629761
580333646852157440
579804366711963648
578632117355175936
578500578260750336
578306980474974209
577933033858310144
577925497797128192
577524656787361793
576802161968869377
576552113792118784
576533451253379072
576515714489716736
576157092869906433
575697042820849664
575682177972727808
575647911863828481
575275253347262464
575004323014447104
574639242820894720
574246153908260864
573955735014502403
573534949703315456
573493150901100545
571827879446646784
570965615957176320
570680566988857345
570676284457668608
569984649151320064
569871954150342656
569598874366517248
569571677421641728
569487194005639168
568089018119774208
568037041642070016
566114876888985600
565338356918538240
565013805055234050
564876239190908928
564858534488072192
564645615368667137
564515472709009411
563444601059811329
563151700421525505
562786850847612928
562461903696314369
561904953342853120
561570505225142274
561554661715755008
561241894706233344
561236217552179200
560918070051758080
560833792831938560
560304805810147328
559801258698358784
559439647261351936
559398546466959363
559137723123269632
559104122478428161
558609466355355648
557663650048401409
557567279203098624
557164551821864960
557038286124773376
556960368774234112
556959748491206656
556948228835647488
556097539305639936
555860448462254080
555413492161716224
555374128879140866
555024862243459073
554413215812448256
553694266052972544
553694159337304065
553693357013082112
553555281758912512
553552417380237312
553551312504508417
552728777391108097
552579906492977153
552014557112451072
551435683953647616
551408477680041985
551152032904515585
550196352010182656
550196050573922304
550195815000858624
550158249513975808
550087357006110720
549710654396203010
549662744052772866
549260062196498432
549007616912150528
548684537375752192
548250710161502209
547873363339644929
547611671209193472
547024004335562752
547012761415606272
547003946926354432
546264156476026880
546263301106466816
546082224354127873
545392549314441216
545238910381486080
545091691288735744
545032322693996544
544937683525861377
544898535179948034
544316707884781568
543234050169663488
543116203254755328
542537892711915520
542497562452701185
542435236206743552
542433759811760129
542431425840967681
542384790042054656
542167373663727616
542032085188628480
541395271310008320
541386826284417024
541188854888562688
540909387532218370
540366237315104768
540333776061362176
539619022535663618
539608695165169664
539136274875957248
538540218664878080
538462808862904321
538357189736673281
538302657811992576
537778929033936896
537750999071748098
537635079653449729
535943691571965952
535934719519911937
535884397338058752
535879470570549248
535753295672119296
535261867858726913
535093857135124480
534518633087922176
534408768105107456
533416398803193856
533089822450388992
532627233308147712
532610781419143168
531916144752750593
531881843680100352
531665530621788160
531613466755608576
531599130662281216
531215384293412864
531175625923784705
530813345767886850
530759211832324096
530487412561305600
530333289341800449
530168237820895232
530051340857516032
530032617509642241
529864098939686913
529490823977500673
529386850742304768
529034112624246784
529023376799825922
528596435131199488
528473793803878400
528365788219310080
527889141460393985
527809151930761217
527647182258978816
527629869283147776
526858205520232448
526857597895200769
525494831049490432
525105944611807232
524757504077484033
524416408197660672
524238846079565824
523960666609422336
523948759060058112
523822178681118721
523658833361928193
523074456076697600
522578257334771712
522564288788307969
522403554565586944
522225103825039360
522087254450520064
521813001775898624
521768269343367170
521707934641061888
521512029484748801
521320761215053824
521162555797274624
521145963415867392
520780620625367040
520640429503426560
520408118556389376
520363111123931137
520304333649612800
520271862002376704
520071453719691264
519982626166571008
519942251347464193
519835337951301632
519659248175693826
519481907474489344
518854945949622272
518596210572423168
518495485074898944
518462679259045888
518453181064708098
518423827139678208
518223419398455296
518184063098966016
517748786501021696
517609907701686272
517474172444737536
517033419755499520
516709880108175360
516325634193502208
516287373102292993
516269538967818240
516065394919231488
515985766179426306
515871772449996801
515559199510908928
515472290310803456
515411098598932480
515333898965114880
515270942197821440
515265585530146816
515223764779290624
515176833135165440
515084091998212096
515068805936992257
515006320282329088
514977934080491520
514913211276349441
514853568684519424
514809079848792065
514613340841472000
514606331991699456
514574187818938368
514472070542282752
514447233492987904
514437803263160320
514274891466813440
514170558343151616
514160509117935616
514127479779250176
514117635651682305
513790444690735104
513730081278025728
513696666596433920
513373014403346432
513289258602627072
513127781257846784
513052203926306817
513021776084086785
512973009351475201
512955008544169986
512933575856246784
512845552937996288
512815899976273920
512800384134295553
512773820814327810
512744011782561792
512713403417120769
512711816795803648
512706361835003904
512702968978632704
512700298347814913
512690826959265792
512689906905120768
512684148457095169
512677248629870592
512660854005706752
512653280199974913
512641129137725441
512555736325697537
512530716282720257
512491720953823232
512480557134262272
512471356034662400
512452833938259968
512429098388709376
512425692785811456
512425322289975298
512425216606486528
512424788024111104
512424632398278656
512407810542686209
512407420887240708
512400997055229952
512389338513276928
512387144439332864
512385670774407168
512383282751602688
512382042445975552
512375691695124480
512374633405112320
512366958000762880
512364800131604480
512363846414389248
512358809050705920
512347024402821121
512336586558935042
512315145016868865
512306303839256576
512285314027491328
512275925212626944
512273242825183232
512049665336803328
512014215901880320
511995586971963392
511924337348472832
511625572569849856
511508152857415680
511478321084112896
511346173530357760
511027230076444672
510910926766497792
510860381754261504
510632447227486208
510517110137978880
510459766364045313
510452467151425537
510447691961098240
510370214702092288
510357183028924416
509974669613469696
509885703728406528
509795959426252800
509788251872165888
509776977637933056
509739942621511680
509737796568100865
509654573213315072
509583299527053312
509526985182179330
509501296840171520
509475555054739456
509468622348357632
509439829419909120
509416858395496448
509410566876971008
509407033679175680
509402712799444992
509401182096609281
509400578574008320
509399016074137600
509396093244014593
509394969178947585
509393680944615424
509393396843032576
509392127843782656
509139035030175744
508549907209146369
508352640284385280
508323504203497473
508303491568529408
508024111684419586
508005347609804801
508004956503556096
507967984452005889
507271648517836801
507213979048243202
506903811798347776
506898945088290816
506796500295626752
506787672770506752
506685093885120512
506532430518697984
506514383045144576
506487671649468416
506123218428522496
505096451064471552
505087138921066496
505015279093833728
504988511993618434
504685334693937152
504645465733083136
504400782503182336
504383788625833985
503993237829603328
503741978916704256
502822881483845632
502326194915004417
502281566484451329
502222774895513600
501926938815234048
500605622262702080
500526247571902464
500482590617640961
498854456684187648
498545203280478208
498231948247314434
498160242249584640
497784635234189312
497474748939780099
496788538391031808
496786116172058624
496147292081385472
496139285578645504
496137639901528064
496084075145199616
496082920017125376
496028118860439553
495659054447214593
495404863271211008
495033755854045185
494999611946577920
494975052707024896
494630748738306048
493925638634344449
493825715125878784
493385298022522880
492511624083677184
492502770436825088
492470028319473664
492447356223488000
492442975172325376
492303196195659777
491999727479951360
491827949113335808
491502376235184128
491421286632292353
491311372735881216
491281288213843968
490875608973320193
490617580256641024
490209161045479424
489291429642924032
488739055778033665
488713967091453952
488653451870875648
488484709153120256
488336419640066048
488293675777409025
487996657548541955
487789737705754624
487569048184844288
487545311657611265
487493334454108161
487420141630914560
487035119627022338
486620944228548609
486617384971935746
486592298952953857
486590246159933440
486587061747474433
486584230680358913
486512147812601856
486086067913650176
486058602600222721
485608220166090752
485217971280023552
483963015121760256
483810402908655616
483716668641001473
483438073267507201
483315667634884608
483090179805048833
482973726858682368
482738402891427841
482717194715815937
482600739106091010
482559040409837569
482254069839708160
482211416469168128
481946747078340609
481849834690072576
481396829486321664
481282854244999168
481151645674635265
481069745874436096
480948853232123905
480845423116967937
480474269206331392
480440109322366980
480222187161284608
480163880631406592
480135127801294848
480007445461618688
479853404211400704
479403313981423616
479351867638435840
479253802944835584
479220461935820800
478710106478350336
478505436564697088
477666230497996800
477577771825123330
477497867578269696
477195002884284416
476946566817669120
476878739976880128
476772670709567488
476022409867575296
475479215996149760
475324336170360832
475096421008281600
475084171543842816
474980021036011520
474841740500025344
474677793511723011
474465461082808320
474373299078975488
474184484833984513
473837740681748480
473762393127141376
473725997549125632
472938223178883072
472876562116001793
472831052407656448
472745544625192960
472387536099504128
472113263539658752
471952985023852544
471816723205615616
471468274451226624
471413564192735232
471179252147036160
471097178568404992
471037876801527808
470619268741357568
470178227663564801
470055222555852800
470008341843181569
469635029102903297
469213671097663488
469002793760477184
468898256924467200
468865521354817537
468382722264924160
468140532502659073
467807776568115200
467791977237708802
467578511897538560
467268757539545088
467076433286676480
467023226850521088
466951308575264769
466747169173565440
466687532139565056
466681457617141760
466165715129868288
466047408015949824
465480756588855296
465349412731256832
465277746940506112
465223179775258624
465008477320933376
464902172228861952
464779317898387456
464726320786964480
464329381830471680
464074605716467714
463898314874699776
463745894811062272
463510329910374400
463494263956045824
463460415175798784
463454659982524416
463343786991423488
463179826996576256
463042472960987136
462593543416995840
462539075325816833
462480485558407168
462453584680873984
462408960469774336
462393246543380481
462219089151160322
462032421613879296
461746446098636800
461666160539226112
461608541640720385
461307201383313408
461253498739253248
460861980274745344
460540179787579394
460490957151305728
460359591835217920
460237621214838784
459740086188269568
459527524062855168
459511010416922624
459433198381174784
459425362288852992
459191192593235968
459173904066822144
459152918101639169
459132853989543936
459092101636972544
459077291029434368
459044108149862400
458913112444665857
458808095334858752
458790947573096448
458433277842710528
457696701441388544
457507115150884864
457182241093738497
457008848943869952
456950008223264768
456948090285461504
456660614840995840
456656124574318592
456617020834840576
456332344740179968
456301366236155904
455848468645695488
454712489172017152
454670176261140481
454004999299661824
453997570227175424
453994910132080641
453769731842256896
453737638265380864
453394144648368128
453318757146824704
453165909948248064
452894156940386304
452892977367879680
452849174032437248
452219335382433792
451663448498528256
451513780426780672
451446218548576256
451178761682440192
450725478052003840
450371047192530944
449714926848729088
449368350859476992
449293508239953920
448878790970585088
448602125992357889
448544535099228160
448402838771605504
448355170716364800
448292571878817792
448224203402002434
448221466908057601
448186981500346368
448121021670105088
447943110274723840
447710252239446016
447551227513942016
447540640256376832
447439964117028864
447378959123349504
447141926077489152
446585022829846528
446507013262950401
446391758671581184
446257829419048960
445919864851398656
445916259847528448
445693521685528577
445566972701736960
445334829568385025
445239138737217536
444859530028277760
444837459848101888
444660998268784640
444593926222393344
444566848382988288
444291695576748032
444290211904634881
444096207770509312
443799931263143936
443627178832699392
443528102845902848
443457554249965568
443163594855677953
443052142299860992
442153572416126977
442130291013222400
442124194105413632
441802709117591552
441617460304048128
441397111498608640
441396985510109185
440988070263783424
440974670976663553
440942213653336064
440755444282564608
440351096674844672
440266307842220034
440185962497576960
439925400685518848
439484501618479104
439028619583578112
438879113831809024
438310556513366016
438109626404700162
438047567566635009
437930514595319809
437784124179222529
437731811679301632
437338365277372416
437039577111339008
436104090985431040
435898831771676672
435838511497768960
435641548437733376
435629261626822656
435559797732040704
434890340751769600
434817976597245952
434590604849205248
434441150036836352
433973792793460737
433401306800455680
433282340572631041
433099895428235264
433032375623094272
432701394269638657
432657854336860161
432559128800952321
432372123622182912
432368309078876160
432353458419544064
432327026952122368
431865471554813952
431864657700454401
431643560853516288
431527676075970560
431219886875234305
430981709593460736
430935678059167744
430859290669105152
430786254808952833
430556777503940608
430413975944450048
430391684547883008
430000134731345920
429730171995029504
429107945113415680
429047290373111808
429038171746074624
429010523812659202
428744485573754880
428724880696033280
428675730793562112
428460388015824896
428230572599558144
428187487769337856
427994958134403073
427966097208254465
427570358959738881
427471767368499200
427261958333554688
426869841941635072
426761630425182209
426166004926779392
425321007839080449
424941725388271616
424566641180291073
424257177659138048
424164029024571392
423973614052864000
423490220755935232
422962311486525440
422518052077322240
422503993252646914
422436874146574336
422412394976256000
422194033318834176
422093511715196928
421699723066499072
421520923347275776
421428046844145664
421175560803713024
421122964625842176
421099689673764864
420482903429369856
420320850542592000
420290744390127616
420222034908442624
419990651015397377
419977991905902592
419962861503647744
419883106670100481
419765198422286336
419657468827140096
419511170714710016
419510938455121921
419254756889358336
419245318299848704
419186847458156544
418792706086010882